<?xml version="1.0" encoding="UTF-8"?>
<testng-results ignored="0" total="1" passed="1" failed="0" skipped="0">
  <reporter-output>
  </reporter-output>
  <suite started-at="2024-02-29T17:49:08 IST" name="Default suite" finished-at="2024-02-29T17:49:21 IST" duration-ms="12560">
    <groups>
    </groups>
    <test started-at="2024-02-29T17:49:08 IST" name="Default test" finished-at="2024-02-29T17:49:21 IST" duration-ms="12560">
      <class name="OrangeHRM.OrangeHRM.Attachments">
        <test-method signature="Log()[pri:0, instance:OrangeHRM.OrangeHRM.Attachments@1151e434]" started-at="2024-02-29T17:49:08 IST" name="Log" finished-at="2024-02-29T17:49:19 IST" duration-ms="10126" status="PASS">
          <reporter-output>
          </reporter-output>
        </test-method> <!-- Log -->
        <test-method is-config="true" signature="addattach()[pri:0, instance:OrangeHRM.OrangeHRM.Attachments@1151e434]" started-at="2024-02-29T17:49:19 IST" name="addattach" finished-at="2024-02-29T17:49:21 IST" duration-ms="2343" status="PASS">
          <reporter-output>
          </reporter-output>
        </test-method> <!-- addattach -->
      </class> <!-- OrangeHRM.OrangeHRM.Attachments -->
    </test> <!-- Default test -->
  </suite> <!-- Default suite -->
</testng-results>
